#0 building with "desktop-linux" instance using docker driver

#1 [internal] load build definition from Dockerfile
#1 transferring dockerfile: 296B done
#1 DONE 0.0s

#2 [internal] load metadata for docker.io/library/python:3.11-slim
#2 ...

#3 [auth] library/python:pull token for registry-1.docker.io
#3 DONE 0.0s

#2 [internal] load metadata for docker.io/library/python:3.11-slim
#2 DONE 2.6s

#4 [internal] load .dockerignore
#4 transferring context: 163B done
#4 DONE 0.0s

#5 [1/7] FROM docker.io/library/python:3.11-slim@sha256:db3ff2e1800a8581e2c48a27c3995339d47bdf046da21c7627accd3d51053a93
#5 resolve docker.io/library/python:3.11-slim@sha256:db3ff2e1800a8581e2c48a27c3995339d47bdf046da21c7627accd3d51053a93 0.0s done
#5 sha256:2a62bb0a4e66546f1d746670a60e4a654b876719da3c955685825d396ce70e71 0B / 14.37MB 0.2s
#5 sha256:26c1f77b2e7215faf96d9764895595c2cde9a080c696241deed63b5e0cdb49d2 0B / 250B 0.2s
#5 sha256:391ef874fe2e0ae15c7ece42b9961db1260f333e9a2151e5269646d119f3e1b1 0B / 1.27MB 0.2s
#5 sha256:59f54fbcd984beca03fd8b78569fa57268ecf78d291c0b6fe1623c2467f5a075 0B / 30.14MB 0.2s
#5 sha256:2a62bb0a4e66546f1d746670a60e4a654b876719da3c955685825d396ce70e71 3.15MB / 14.37MB 0.5s
#5 sha256:26c1f77b2e7215faf96d9764895595c2cde9a080c696241deed63b5e0cdb49d2 250B / 250B 0.5s done
#5 sha256:2a62bb0a4e66546f1d746670a60e4a654b876719da3c955685825d396ce70e71 10.49MB / 14.37MB 0.8s
#5 sha256:2a62bb0a4e66546f1d746670a60e4a654b876719da3c955685825d396ce70e71 13.63MB / 14.37MB 0.9s
#5 sha256:391ef874fe2e0ae15c7ece42b9961db1260f333e9a2151e5269646d119f3e1b1 1.05MB / 1.27MB 0.9s
#5 sha256:59f54fbcd984beca03fd8b78569fa57268ecf78d291c0b6fe1623c2467f5a075 5.24MB / 30.14MB 1.1s
#5 sha256:2a62bb0a4e66546f1d746670a60e4a654b876719da3c955685825d396ce70e71 14.37MB / 14.37MB 1.2s done
#5 sha256:59f54fbcd984beca03fd8b78569fa57268ecf78d291c0b6fe1623c2467f5a075 10.49MB / 30.14MB 1.2s
#5 sha256:59f54fbcd984beca03fd8b78569fa57268ecf78d291c0b6fe1623c2467f5a075 14.68MB / 30.14MB 1.4s
#5 sha256:391ef874fe2e0ae15c7ece42b9961db1260f333e9a2151e5269646d119f3e1b1 1.27MB / 1.27MB 1.4s done
#5 sha256:59f54fbcd984beca03fd8b78569fa57268ecf78d291c0b6fe1623c2467f5a075 19.92MB / 30.14MB 1.5s
#5 sha256:59f54fbcd984beca03fd8b78569fa57268ecf78d291c0b6fe1623c2467f5a075 24.12MB / 30.14MB 1.7s
#5 sha256:59f54fbcd984beca03fd8b78569fa57268ecf78d291c0b6fe1623c2467f5a075 30.14MB / 30.14MB 1.8s done
#5 extracting sha256:59f54fbcd984beca03fd8b78569fa57268ecf78d291c0b6fe1623c2467f5a075
#5 extracting sha256:59f54fbcd984beca03fd8b78569fa57268ecf78d291c0b6fe1623c2467f5a075 1.2s done
#5 DONE 3.1s

#6 [internal] load build context
#6 transferring context: 188.68MB 3.0s done
#6 DONE 3.1s

#5 [1/7] FROM docker.io/library/python:3.11-slim@sha256:db3ff2e1800a8581e2c48a27c3995339d47bdf046da21c7627accd3d51053a93
#5 extracting sha256:391ef874fe2e0ae15c7ece42b9961db1260f333e9a2151e5269646d119f3e1b1 0.0s done
#5 extracting sha256:2a62bb0a4e66546f1d746670a60e4a654b876719da3c955685825d396ce70e71
#5 extracting sha256:2a62bb0a4e66546f1d746670a60e4a654b876719da3c955685825d396ce70e71 0.2s done
#5 DONE 3.4s

#5 [1/7] FROM docker.io/library/python:3.11-slim@sha256:db3ff2e1800a8581e2c48a27c3995339d47bdf046da21c7627accd3d51053a93
#5 extracting sha256:26c1f77b2e7215faf96d9764895595c2cde9a080c696241deed63b5e0cdb49d2 done
#5 DONE 3.4s

#7 [2/7] RUN pip install --no-cache-dir uv
#7 2.488 Collecting uv
#7 2.577   Downloading uv-0.11.29-py3-none-manylinux_2_28_aarch64.whl.metadata (11 kB)
#7 2.604 Downloading uv-0.11.29-py3-none-manylinux_2_28_aarch64.whl (25.5 MB)
#7 87.61    ━━━━━━━━━━━━━━━━━━━━━━━━━━━━━━━━━━━━━━━━ 25.5/25.5 MB 288.9 kB/s eta 0:00:00
#7 87.72 Installing collected packages: uv
#7 88.00 Successfully installed uv-0.11.29
#7 88.00 WARNING: Running pip as the 'root' user can result in broken permissions and conflicting behaviour with the system package manager. It is recommended to use a virtual environment instead: https://pip.pypa.io/warnings/venv
#7 88.13 
#7 88.13 [notice] A new release of pip is available: 24.0 -> 26.1.2
#7 88.13 [notice] To update, run: pip install --upgrade pip
#7 DONE 88.3s

#8 [3/7] WORKDIR /app
#8 DONE 0.0s

#9 [4/7] COPY pyproject.toml uv.lock ./
#9 DONE 0.0s

#10 [5/7] RUN uv sync --frozen --no-install-project
#10 0.196 Using CPython 3.11.15 interpreter at: /usr/local/bin/python3
#10 0.196 Creating virtual environment at: .venv
#10 0.430 Downloading setuptools (1.0MiB)
#10 0.507 Downloading lxml (4.8MiB)
#10 0.507 Downloading cryptography (4.5MiB)
#10 0.507 Downloading networkx (2.0MiB)
#10 0.507 Downloading pydantic-core (1.9MiB)
#10 0.507 Downloading tokenizers (3.1MiB)
#10 0.507 Downloading hf-xet (4.1MiB)
#10 0.507 Downloading nvidia-cufile (1.1MiB)
#10 0.507 Downloading sympy (6.0MiB)
#10 0.507 Downloading transformers (11.0MiB)
#10 0.507 Downloading nvidia-cusparselt-cu13 (210.8MiB)
#10 0.507 Downloading pillow (6.0MiB)
#10 0.507 Downloading pdfminer-six (6.3MiB)
#10 0.507 Downloading pypdfium2 (3.5MiB)
#10 0.507 Downloading torch (406.6MiB)
#10 0.507 Downloading nvidia-curand (59.1MiB)
#10 0.507 Downloading nvidia-nvjitlink (37.0MiB)
#10 0.508 Downloading numpy (15.2MiB)
#10 0.510 Downloading nvidia-cudnn-cu13 (424.0MiB)
#10 0.510 Downloading scipy (31.5MiB)
#10 0.510 Downloading nvidia-cusolver (213.1MiB)
#10 0.510 Downloading pygments (1.2MiB)
#10 0.510 Downloading cuda-bindings (5.8MiB)
#10 0.510 Downloading nvidia-nvshmem-cu13 (57.4MiB)
#10 0.510 Downloading nvidia-cuda-cupti (9.8MiB)
#10 0.511 Downloading pinecone (2.9MiB)
#10 0.511 Downloading nvidia-cuda-runtime (2.2MiB)
#10 0.511 Downloading nvidia-nccl-cu13 (196.5MiB)
#10 0.512 Downloading nvidia-cublas (517.7MiB)
#10 0.512 Downloading scikit-learn (8.6MiB)
#10 0.513 Downloading uvloop (3.6MiB)
#10 0.514 Downloading nvidia-cufft (204.1MiB)
#10 0.515 Downloading nvidia-cuda-nvrtc (41.0MiB)
#10 0.515 Downloading triton (176.1MiB)
#10 0.515 Downloading nvidia-cusparse (154.6MiB)
#10 8.514  Downloaded setuptools
#10 8.687  Downloaded nvidia-cufile
#10 9.115  Downloaded pygments
#10 11.32  Downloaded pydantic-core
#10 11.66  Downloaded networkx
#10 12.50  Downloaded nvidia-cuda-runtime
#10 16.50  Downloaded pinecone
#10 17.47  Downloaded tokenizers
#10 20.01  Downloaded pypdfium2
#10 20.90  Downloaded uvloop
#10 23.02  Downloaded hf-xet
#10 24.12  Downloaded cryptography
#10 25.07  Downloaded lxml
#10 28.82  Downloaded cuda-bindings
#10 29.26  Downloaded pillow
#10 32.01  Downloaded sympy
#10 33.87  Downloaded pdfminer-six
#10 45.35  Downloaded scikit-learn
#10 51.20  Downloaded nvidia-cuda-cupti
#10 55.22  Downloaded transformers
#10 78.35  Downloaded numpy
#10 139.0  Downloaded scipy
#10 155.3  Downloaded nvidia-nvjitlink
#10 163.3  Downloaded nvidia-cuda-nvrtc
#10 195.8  Downloaded nvidia-nvshmem-cu13
#10 198.8  Downloaded nvidia-curand
#10 298.7  Downloaded nvidia-cusparse
#10 323.8  Downloaded triton
#10 339.4  Downloaded nvidia-nccl-cu13
#10 349.4  Downloaded nvidia-cufft
#10 357.0  Downloaded nvidia-cusparselt-cu13
#10 359.2  Downloaded nvidia-cusolver
#10 428.7  Downloaded torch
#10 434.0  Downloaded nvidia-cudnn-cu13
#10 449.6  Downloaded nvidia-cublas
#10 449.7 Prepared 95 packages in 7m 29s
#10 450.1 Installed 95 packages in 448ms
#10 450.1  + annotated-doc==0.0.4
#10 450.1  + annotated-types==0.7.0
#10 450.1  + anyio==4.14.1
#10 450.1  + beautifulsoup4==4.15.0
#10 450.1  + certifi==2026.6.17
#10 450.1  + cffi==2.1.0
#10 450.1  + charset-normalizer==3.4.7
#10 450.1  + click==8.4.2
#10 450.1  + cryptography==49.0.0
#10 450.1  + cuda-bindings==13.3.1
#10 450.1  + cuda-pathfinder==1.5.6
#10 450.1  + cuda-toolkit==13.0.2
#10 450.1  + et-xmlfile==2.0.0
#10 450.1  + fastapi==0.139.0
#10 450.1  + filelock==3.29.5
#10 450.1  + fsspec==2026.6.0
#10 450.1  + h11==0.16.0
#10 450.1  + h2==4.3.0
#10 450.1  + hf-xet==1.5.1
#10 450.1  + hpack==4.2.0
#10 450.1  + httpcore==1.0.9
#10 450.1  + httptools==0.8.0
#10 450.1  + httpx==0.28.1
#10 450.1  + huggingface-hub==1.22.0
#10 450.1  + hyperframe==6.1.0
#10 450.1  + idna==3.18
#10 450.1  + jinja2==3.1.6
#10 450.1  + joblib==1.5.3
#10 450.1  + lxml==6.1.1
#10 450.1  + markdown-it-py==4.2.0
#10 450.1  + markupsafe==3.0.3
#10 450.1  + mdurl==0.1.2
#10 450.1  + mpmath==1.3.0
#10 450.1  + msgspec==0.21.1
#10 450.1  + narwhals==2.23.0
#10 450.1  + networkx==3.6.1
#10 450.1  + numpy==2.4.6
#10 450.1  + nvidia-cublas==13.1.1.3
#10 450.1  + nvidia-cuda-cupti==13.0.85
#10 450.1  + nvidia-cuda-nvrtc==13.0.88
#10 450.1  + nvidia-cuda-runtime==13.0.96
#10 450.1  + nvidia-cudnn-cu13==9.20.0.48
#10 450.1  + nvidia-cufft==12.0.0.61
#10 450.1  + nvidia-cufile==1.15.1.6
#10 450.1  + nvidia-curand==10.4.0.35
#10 450.1  + nvidia-cusolver==12.0.4.66
#10 450.1  + nvidia-cusparse==12.6.3.3
#10 450.1  + nvidia-cusparselt-cu13==0.8.1
#10 450.1  + nvidia-nccl-cu13==2.29.7
#10 450.1  + nvidia-nvjitlink==13.0.88
#10 450.1  + nvidia-nvshmem-cu13==3.4.5
#10 450.1  + nvidia-nvtx==13.0.85
#10 450.1  + openpyxl==3.1.5
#10 450.1  + orjson==3.11.9
#10 450.1  + packaging==26.2
#10 450.1  + pdfminer-six==20260107
#10 450.1  + pdfplumber==0.11.10
#10 450.1  + pillow==12.3.0
#10 450.1  + pinecone==9.1.0
#10 450.1  + pycparser==3.0
#10 450.1  + pydantic==2.13.4
#10 450.1  + pydantic-core==2.46.4
#10 450.1  + pydantic-settings==2.14.2
#10 450.1  + pygments==2.20.0
#10 450.1  + pypdf==6.14.2
#10 450.1  + pypdfium2==5.11.0
#10 450.1  + python-docx==1.2.0
#10 450.1  + python-dotenv==1.2.2
#10 450.1  + python-multipart==0.0.32
#10 450.1  + pyyaml==6.0.3
#10 450.1  + rank-bm25==0.2.2
#10 450.1  + regex==2026.6.28
#10 450.1  + rich==15.0.0
#10 450.1  + safetensors==0.8.0
#10 450.1  + scikit-learn==1.9.0
#10 450.1  + scipy==1.17.1
#10 450.1  + sentence-transformers==5.6.0
#10 450.1  + setuptools==81.0.0
#10 450.1  + shellingham==1.5.4
#10 450.1  + soupsieve==2.8.4
#10 450.1  + starlette==1.3.1
#10 450.1  + sympy==1.14.0
#10 450.1  + threadpoolctl==3.6.0
#10 450.1  + tokenizers==0.22.2
#10 450.1  + torch==2.12.1
#10 450.1  + tqdm==4.68.3
#10 450.1  + transformers==5.13.0
#10 450.1  + triton==3.7.1
#10 450.1  + typer==0.26.8
#10 450.1  + typing-extensions==4.16.0
#10 450.1  + typing-inspection==0.4.2
#10 450.1  + uvicorn==0.50.0
#10 450.1  + uvloop==0.22.1
#10 450.1  + watchfiles==1.2.0
#10 450.1  + websockets==16.0
#10 DONE 450.4s

#11 [6/7] COPY . .
#11 DONE 2.8s

#12 [7/7] RUN uv sync --frozen
#12 0.460    Building rag-hybrid-search @ file:///app
#12 5.967       Built rag-hybrid-search @ file:///app
#12 5.970 Prepared 1 package in 5.51s
#12 5.976 Uninstalled 1 package in 5ms
#12 8.812 Installed 2 packages in 2.83s
#12 8.812  ~ nvidia-cusparselt-cu13==0.8.1
#12 8.812  + rag-hybrid-search==0.1.0 (from file:///app)
#12 DONE 8.9s

#13 exporting to image
#13 exporting layers
#13 exporting layers 109.4s done
#13 exporting manifest sha256:db34d1be26afe69c96f81159a5cf7d350c1fae0fe17912df836dc2128c132aa0 done
#13 exporting config sha256:e5db07f093e08e4b66d8e2789509ef9e453f8be2158fa7ef4ef4b1279aa56796 done
#13 exporting attestation manifest sha256:c3c02d5197197c32ac61300c653aba7143439197b2aaa42db67c07808427c164 done
#13 exporting manifest list sha256:94cca5be4a0aace23cb7f62c29561202dc4446fbe3718651fda0b23d90f39e13 done
#13 naming to docker.io/library/rag-hybrid-search:latest 0.0s done
#13 unpacking to docker.io/library/rag-hybrid-search:latest
#13 unpacking to docker.io/library/rag-hybrid-search:latest 24.3s done
#13 DONE 133.9s

 [33m1 warning found (use docker --debug to expand):
[0m - JSONArgsRecommended: JSON arguments recommended for CMD to prevent unintended behavior related to OS signals (line 14)

View build details: docker-desktop://dashboard/build/desktop-linux/desktop-linux/kvx8ac24cllubyinlnwq5i0i4
